<?xml version="1.0" encoding="utf-8" standalone="no"?>
<!--This file represents the results of running a test suite-->
<test-results name="E:\m\VS2010Project\PEFSSolution1\PEFSTest\bin\Debug\PEFSTest.dll" total="26" errors="0" failures="0" not-run="0" inconclusive="0" ignored="0" skipped="0" invalid="0" date="2011-11-24" time="10:56:53">
  <environment nunit-version="2.5.10.11092" clr-version="2.0.50727.5448" os-version="Microsoft Windows NT 6.1.7601 Service Pack 1" platform="Win32NT" cwd="C:\sbin\NUnit 2.5.10\bin\net-2.0" machine-name="DC7700" user="m" user-domain="dc7700" />
  <culture-info current-culture="ja-JP" current-uiculture="ja-JP" />
  <test-suite type="Assembly" name="E:\m\VS2010Project\PEFSSolution1\PEFSTest\bin\Debug\PEFSTest.dll" executed="True" result="Success" success="True" time="51.656" asserts="0">
    <results>
      <test-suite type="Namespace" name="PEFSTest" executed="True" result="Success" success="True" time="51.649" asserts="0">
        <results>
          <test-suite type="TestFixture" name="PEFSTestModule+MyTest" executed="True" result="Success" success="True" time="51.646" asserts="0">
            <results>
              <test-suite type="ParameterizedTest" name="Problem_0000" description="Problem 0 Test" executed="True" result="Success" success="True" time="0.374" asserts="0">
                <results>
                  <test-case name="PEFSTest.PEFSTestModule+MyTest.Problem_0000((2, 2468))" executed="True" result="Success" success="True" time="0.368" asserts="1" />
                </results>
              </test-suite>
              <test-suite type="ParameterizedTest" name="Problem_0003" description="Problem 3 Test" executed="True" result="Success" success="True" time="47.497" asserts="0">
                <results>
                  <test-case name="PEFSTest.PEFSTestModule+MyTest.Problem_0003((5, [5]))" executed="True" result="Success" success="True" time="3.647" asserts="1" />
                  <test-case name="PEFSTest.PEFSTestModule+MyTest.Problem_0003((81, [3; 3; 3; ... ]))" executed="True" result="Success" success="True" time="3.530" asserts="1" />
                  <test-case name="PEFSTest.PEFSTestModule+MyTest.Problem_0003((13195, [5; 7; 13; ... ]))" executed="True" result="Success" success="True" time="3.666" asserts="1" />
                  <test-case name="PEFSTest.PEFSTestModule+MyTest.Problem_0003((30971726, [2; 15485863]))" executed="True" result="Success" success="True" time="3.674" asserts="1" />
                  <test-case name="PEFSTest.PEFSTestModule+MyTest.Problem_0003((435290354, [2; 217645177]))" executed="True" result="Success" success="True" time="3.802" asserts="1" />
                  <test-case name="PEFSTest.PEFSTestModule+MyTest.Problem_0003((452902805417, [672193; 673769]))" executed="True" result="Success" success="True" time="4.982" asserts="1" />
                  <test-case name="PEFSTest.PEFSTestModule+MyTest.Problem_0003((600851475143, [71; 839; 1471; ... ]))" executed="True" result="Success" success="True" time="3.567" asserts="1" />
                  <test-case name="PEFSTest.PEFSTestModule+MyTest.Problem_0003((47018449, [6857; 6857]))" executed="True" result="Success" success="True" time="3.402" asserts="1" />
                  <test-case name="PEFSTest.PEFSTestModule+MyTest.Problem_0003((37366090917157, [6111983; 6113579]))" executed="True" result="Success" success="True" time="15.861" asserts="1" />
                </results>
              </test-suite>
              <test-suite type="ParameterizedTest" name="Problem_0011" description="Problem 11 Test" executed="True" result="Success" success="True" time="0.179" asserts="0">
                <results>
                  <test-case name="PEFSTest.PEFSTestModule+MyTest.Problem_0011((([12; 34; 0; ... ], 3, 3, 2), 408))" executed="True" result="Success" success="True" time="0.042" asserts="1" />
                  <test-case name="PEFSTest.PEFSTestModule+MyTest.Problem_0011((([8; 2; 22; ... ], 20, 20, 4), 70600674))" executed="True" result="Success" success="True" time="0.031" asserts="1" />
                </results>
              </test-suite>
              <test-suite type="ParameterizedTest" name="Problem_0012" description="Problem 12 Test" executed="True" result="Success" success="True" time="1.496" asserts="0">
                <results>
                  <test-case name="PEFSTest.PEFSTestModule+MyTest.Problem_0012((1, 1))" executed="True" result="Success" success="True" time="0.011" asserts="1" />
                  <test-case name="PEFSTest.PEFSTestModule+MyTest.Problem_0012((2, 3))" executed="True" result="Success" success="True" time="0.015" asserts="1" />
                  <test-case name="PEFSTest.PEFSTestModule+MyTest.Problem_0012((4, 6))" executed="True" result="Success" success="True" time="0.000" asserts="1" />
                  <test-case name="PEFSTest.PEFSTestModule+MyTest.Problem_0012((6, 28))" executed="True" result="Success" success="True" time="0.001" asserts="1" />
                  <test-case name="PEFSTest.PEFSTestModule+MyTest.Problem_0012((9, 36))" executed="True" result="Success" success="True" time="0.001" asserts="1" />
                  <test-case name="PEFSTest.PEFSTestModule+MyTest.Problem_0012((16, 120))" executed="True" result="Success" success="True" time="0.000" asserts="1" />
                  <test-case name="PEFSTest.PEFSTestModule+MyTest.Problem_0012((501, 76576500))" executed="True" result="Success" success="True" time="0.801" asserts="1" />
                </results>
              </test-suite>
              <test-suite type="ParameterizedTest" name="Problem_0013" description="Problem 13 Test" executed="True" result="Success" success="True" time="0.054" asserts="0">
                <results>
                  <test-case name="PEFSTest.PEFSTestModule+MyTest.Problem_0013((([37107287533902102798797998220837590246510135740250; 46376937677490009712648124896970078050417018260538; 74324986199524741059474233309513058123726617309629; ... ], 50, 10), 5537376230))" executed="True" result="Success" success="True" time="0.049" asserts="1" />
                </results>
              </test-suite>
              <test-suite type="ParameterizedTest" name="Problem_0016" description="Problem 16 Test" executed="True" result="Success" success="True" time="0.188" asserts="0">
                <results>
                  <test-case name="PEFSTest.PEFSTestModule+MyTest.Problem_0016((8, 13))" executed="True" result="Success" success="True" time="0.009" asserts="1" />
                  <test-case name="PEFSTest.PEFSTestModule+MyTest.Problem_0016((15, 26))" executed="True" result="Success" success="True" time="0.001" asserts="1" />
                  <test-case name="PEFSTest.PEFSTestModule+MyTest.Problem_0016((1000, 1366))" executed="True" result="Success" success="True" time="0.011" asserts="1" />
                </results>
              </test-suite>
              <test-suite type="ParameterizedTest" name="Problem_0018" description="Problem 18 Test" executed="True" result="Success" success="True" time="0.215" asserts="0">
                <results>
                  <test-case name="PEFSTest.PEFSTestModule+MyTest.Problem_0018(((System.Int32[][], 4), 23))" executed="True" result="Success" success="True" time="0.021" asserts="1" />
                  <test-case name="PEFSTest.PEFSTestModule+MyTest.Problem_0018(((System.Int32[][], 15), 1074))" executed="True" result="Success" success="True" time="0.019" asserts="1" />
                </results>
              </test-suite>
              <test-suite type="ParameterizedTest" name="Problem_0067" description="Problem 67 Test" executed="True" result="Success" success="True" time="0.005" asserts="0">
                <results>
                  <test-case name="PEFSTest.PEFSTestModule+MyTest.Problem_0067(((System.Int32[][], 100), 7273))" executed="True" result="Success" success="True" time="0.003" asserts="1" />
                </results>
              </test-suite>
            </results>
          </test-suite>
        </results>
      </test-suite>
    </results>
  </test-suite>
</test-results>